<?xml version="1.0" encoding="UTF-8"?>
<Site BuildName="Linux-c++"
	BuildStamp="20260716-0115-Experimental"
	Name="Pegasus"
	Generator="ctest-4.2.3"
	CompilerName="/usr/bin/c++"
	CompilerVersion="15.2.0"
	OSName="Linux"
	Hostname="Pegasus"
	OSRelease="6.18.33.2-microsoft-standard-WSL2"
	OSVersion="#1 SMP PREEMPT_DYNAMIC Thu Jun 18 21:54:43 UTC 2026"
	OSPlatform="x86_64"
	Is64Bits="1"
	VendorString="GenuineIntel"
	VendorID="Intel Corporation"
	FamilyID="6"
	ModelID="154"
	ModelName="12th Gen Intel(R) Core(TM) i7-1255U"
	ProcessorCacheSize="12288"
	NumberOfLogicalCPU="12"
	NumberOfPhysicalCPU="6"
	TotalVirtualMemory="2048"
	TotalPhysicalMemory="7776"
	LogicalProcessorsPerPhysical="2"
	ProcessorClockFrequency="2611.21"
	>
	<Testing>
		<StartDateTime>Jul 15 18:18 MST</StartDateTime>
		<StartTestTime>1784164728</StartTestTime>
		<TestList/>
		<EndDateTime>Jul 15 18:18 MST</EndDateTime>
		<EndTestTime>1784164728</EndTestTime>
		<ElapsedMinutes>0</ElapsedMinutes>
	</Testing>
</Site>
